<?xml version="1.0" encoding="UTF-8"?>
<!-- Generated by org.testng.reporters.JUnitXMLReporter -->
<testsuite ignored="0" hostname="DESKTOP-AAMQG5Q" failures="0" tests="3" name="TestNgDemo" time="0.155" errors="0" timestamp="2025-07-10T12:55:08 IST">
  <testcase classname="testngDemo.TestngDemo" name="demo1" time="0.013"/>
  <testcase classname="testngDemo.TestngDemo" name="demo2" time="0.003"/>
  <testcase classname="testngDemo.TestngDemo2" name="demo3" time="0.004"/>
</testsuite> <!-- TestNgDemo -->
