<?xml version="1.0" encoding="UTF-8"?>
<!-- Generated by org.testng.reporters.JUnitXMLReporter -->
<testsuite ignored="2" hostname="DESKTOP-AAMQG5Q" failures="0" tests="2" name="smomeTest" time="0.235" errors="0" timestamp="2025-07-10T16:13:48 IST">
  <testcase classname="testngDemo.TestngDemo" name="demo1" time="0.015"/>
  <testcase classname="testngDemo.TestngDemo" name="demo2" time="0.005"/>
  <testcase classname="testngDemo.TestngDemo3" name="demo4" time="0.0">
    <ignored/>
  </testcase> <!-- demo4 -->
  <testcase classname="testngDemo.TestngDemo2" name="demo3" time="0.0">
    <ignored/>
  </testcase> <!-- demo3 -->
</testsuite> <!-- smomeTest -->
