<?xml version="1.0" encoding="UTF-8"?>
<testng-results ignored="4" total="7" passed="3" failed="0" skipped="0">
  <reporter-output>
  </reporter-output>
  <suite started-at="2025-07-17T22:50:08 IST" name="DemoTestSuites" finished-at="2025-07-17T22:50:16 IST" duration-ms="8864">
    <groups>
    </groups>
    <test started-at="2025-07-17T22:50:08 IST" name="TestNgDemo1" finished-at="2025-07-17T22:50:16 IST" duration-ms="8725">
      <class name="testngDemo.TestngDemo2">
        <test-method is-config="true" signature="beforeMethod()[pri:0, instance:testngDemo.TestngDemo2@5c6648b0]" started-at="2025-07-17T22:50:16 IST" name="beforeMethod" finished-at="2025-07-17T22:50:16 IST" duration-ms="4" status="PASS">
          <reporter-output>
          </reporter-output>
        </test-method> <!-- beforeMethod -->
        <test-method signature="demo3()[pri:0, instance:testngDemo.TestngDemo2@5c6648b0]" started-at="2025-07-17T22:50:16 IST" name="demo3" finished-at="2025-07-17T22:50:16 IST" duration-ms="1" status="PASS">
          <reporter-output>
          </reporter-output>
        </test-method> <!-- demo3 -->
        <test-method is-config="true" signature="afterMethod()[pri:0, instance:testngDemo.TestngDemo2@5c6648b0]" started-at="2025-07-17T22:50:16 IST" name="afterMethod" finished-at="2025-07-17T22:50:16 IST" duration-ms="2" status="PASS">
          <reporter-output>
          </reporter-output>
        </test-method> <!-- afterMethod -->
        <test-method is-config="true" signature="afterClass()[pri:0, instance:testngDemo.TestngDemo2@5c6648b0]" started-at="2025-07-17T22:50:16 IST" name="afterClass" finished-at="2025-07-17T22:50:16 IST" duration-ms="1" status="PASS">
          <reporter-output>
          </reporter-output>
        </test-method> <!-- afterClass -->
        <test-method is-config="true" signature="test()[pri:0, instance:testngDemo.TestngDemo2@5c6648b0]" started-at="2025-07-17T22:50:16 IST" name="test" finished-at="2025-07-17T22:50:16 IST" duration-ms="1" status="PASS">
          <reporter-output>
          </reporter-output>
        </test-method> <!-- test -->
      </class> <!-- testngDemo.TestngDemo2 -->
      <class name="testngDemo.TestngDemo">
        <test-method is-config="true" signature="test()[pri:0, instance:testngDemo.TestngDemo@2a65fe7c]" started-at="2025-07-17T22:50:08 IST" name="test" finished-at="2025-07-17T22:50:11 IST" duration-ms="3001" status="PASS">
          <reporter-output>
          </reporter-output>
        </test-method> <!-- test -->
        <test-method is-config="true" signature="beforeClass()[pri:0, instance:testngDemo.TestngDemo@2a65fe7c]" started-at="2025-07-17T22:50:11 IST" name="beforeClass" finished-at="2025-07-17T22:50:11 IST" duration-ms="1" status="PASS">
          <reporter-output>
          </reporter-output>
        </test-method> <!-- beforeClass -->
        <test-method is-config="true" signature="beforeMethod()[pri:0, instance:testngDemo.TestngDemo@2a65fe7c]" started-at="2025-07-17T22:50:11 IST" name="beforeMethod" finished-at="2025-07-17T22:50:11 IST" duration-ms="1" status="PASS">
          <reporter-output>
          </reporter-output>
        </test-method> <!-- beforeMethod -->
        <test-method signature="launchURL()[pri:0, instance:testngDemo.TestngDemo@2a65fe7c]" started-at="2025-07-17T22:50:11 IST" name="launchURL" finished-at="2025-07-17T22:50:16 IST" duration-ms="5620" status="PASS">
          <reporter-output>
          </reporter-output>
        </test-method> <!-- launchURL -->
        <test-method is-config="true" signature="afterMethod()[pri:0, instance:testngDemo.TestngDemo@2a65fe7c]" started-at="2025-07-17T22:50:16 IST" name="afterMethod" finished-at="2025-07-17T22:50:16 IST" duration-ms="3" status="PASS">
          <reporter-output>
          </reporter-output>
        </test-method> <!-- afterMethod -->
      </class> <!-- testngDemo.TestngDemo -->
    </test> <!-- TestNgDemo1 -->
    <test started-at="2025-07-17T22:50:16 IST" name="TestNgDemo2" finished-at="2025-07-17T22:50:16 IST" duration-ms="9">
      <class name="testngDemo.TestngDemo3">
        <test-method is-config="true" signature="beforeSuite()[pri:0, instance:testngDemo.TestngDemo3@3c41ed1d]" started-at="2025-07-17T22:50:08 IST" name="beforeSuite" finished-at="2025-07-17T22:50:08 IST" duration-ms="22" status="PASS">
          <reporter-output>
          </reporter-output>
        </test-method> <!-- beforeSuite -->
        <test-method signature="demo4()[pri:0, instance:testngDemo.TestngDemo3@3c41ed1d]" started-at="2025-07-17T22:50:16 IST" name="demo4" finished-at="2025-07-17T22:50:16 IST" duration-ms="1" status="PASS">
          <reporter-output>
          </reporter-output>
        </test-method> <!-- demo4 -->
      </class> <!-- testngDemo.TestngDemo3 -->
      <class name="testngDemo.TestngDemo">
        <test-method is-config="true" signature="afterSuite()[pri:0, instance:testngDemo.TestngDemo@2a65fe7c]" started-at="2025-07-17T22:50:16 IST" name="afterSuite" finished-at="2025-07-17T22:50:16 IST" duration-ms="1" status="PASS">
          <reporter-output>
          </reporter-output>
        </test-method> <!-- afterSuite -->
      </class> <!-- testngDemo.TestngDemo -->
    </test> <!-- TestNgDemo2 -->
  </suite> <!-- DemoTestSuites -->
</testng-results>
