<?xml version="1.0" encoding="UTF-8"?>
<!-- Generated by org.testng.reporters.JUnitXMLReporter -->
<testsuite ignored="4" hostname="DESKTOP-AAMQG5Q" failures="0" tests="2" name="TestNgDemo1" time="8.725" errors="0" timestamp="2025-07-17T22:50:16 IST">
  <testcase classname="testngDemo.TestngDemo" name="launchURL" time="5.62"/>
  <testcase classname="testngDemo.TestngDemo2" name="demo3" time="0.001"/>
  <testcase classname="testngDemo.TestngDemo" name="demo1" time="0.0">
    <ignored/>
  </testcase> <!-- demo1 -->
  <testcase classname="testngDemo.TestngDemo" name="demo2" time="0.0">
    <ignored/>
  </testcase> <!-- demo2 -->
  <testcase classname="testngDemo.TestngDemo" name="retryTestDemo" time="0.0">
    <ignored/>
  </testcase> <!-- retryTestDemo -->
  <testcase classname="testngDemo.TestngDemo" name="demo3" time="0.0">
    <ignored/>
  </testcase> <!-- demo3 -->
</testsuite> <!-- TestNgDemo1 -->
